<?xml version="1.0" encoding="UTF-8"?>
<Site BuildName="(empty)"
	BuildStamp="20231211-0400-Experimental"
	Name="ss-robotics"
	Generator="ctest-3.16.3"
	CompilerName="/usr/bin/c++"
	CompilerVersion="9.4.0"
	OSName="Linux"
	Hostname="ss-robotics"
	OSRelease="5.15.0-89-generic"
	OSVersion="#99~20.04.1-Ubuntu SMP Thu Nov 2 15:16:47 UTC 2023"
	OSPlatform="x86_64"
	Is64Bits="1"
	VendorString="GenuineIntel"
	VendorID="Intel Corporation"
	FamilyID="6"
	ModelID="142"
	ProcessorCacheSize="4096"
	NumberOfLogicalCPU="4"
	NumberOfPhysicalCPU="2"
	TotalVirtualMemory="2047"
	TotalPhysicalMemory="3803"
	LogicalProcessorsPerPhysical="2"
	ProcessorClockFrequency="3399.98"
	>
	<Testing>
		<StartDateTime>Dec 11 12:17 +07</StartDateTime>
		<StartTestTime>1702271848</StartTestTime>
		<TestList/>
		<EndDateTime>Dec 11 12:17 +07</EndDateTime>
		<EndTestTime>1702271848</EndTestTime>
		<ElapsedMinutes>0</ElapsedMinutes>
	</Testing>
</Site>
